Configuring hourglass-0.2.6...
Building hourglass-0.2.6...
Preprocessing library hourglass-0.2.6...
[ 1 of 13] Compiling Data.Hourglass.Utils ( Data/Hourglass/Utils.hs, dist/dist-sandbox-e5f25929/build/Data/Hourglass/Utils.o )
[ 2 of 13] Compiling Data.Hourglass.Zone ( Data/Hourglass/Zone.hs, dist/dist-sandbox-e5f25929/build/Data/Hourglass/Zone.o )
[ 3 of 13] Compiling Data.Hourglass.Types ( Data/Hourglass/Types.hs, dist/dist-sandbox-e5f25929/build/Data/Hourglass/Types.o )
[ 4 of 13] Compiling Data.Hourglass.Internal.Unix ( Data/Hourglass/Internal/Unix.hs, dist/dist-sandbox-e5f25929/build/Data/Hourglass/Internal/Unix.o )
[ 5 of 13] Compiling Data.Hourglass.Internal ( Data/Hourglass/Internal.hs, dist/dist-sandbox-e5f25929/build/Data/Hourglass/Internal.o )
[ 6 of 13] Compiling Data.Hourglass.Calendar ( Data/Hourglass/Calendar.hs, dist/dist-sandbox-e5f25929/build/Data/Hourglass/Calendar.o )
[ 7 of 13] Compiling Data.Hourglass.Diff ( Data/Hourglass/Diff.hs, dist/dist-sandbox-e5f25929/build/Data/Hourglass/Diff.o )
[ 8 of 13] Compiling Data.Hourglass.Time ( Data/Hourglass/Time.hs, dist/dist-sandbox-e5f25929/build/Data/Hourglass/Time.o )
[ 9 of 13] Compiling Data.Hourglass.Local ( Data/Hourglass/Local.hs, dist/dist-sandbox-e5f25929/build/Data/Hourglass/Local.o )
[10 of 13] Compiling Data.Hourglass.Format ( Data/Hourglass/Format.hs, dist/dist-sandbox-e5f25929/build/Data/Hourglass/Format.o )
[11 of 13] Compiling Data.Hourglass.Epoch ( Data/Hourglass/Epoch.hs, dist/dist-sandbox-e5f25929/build/Data/Hourglass/Epoch.o )
[12 of 13] Compiling System.Hourglass ( System/Hourglass.hs, dist/dist-sandbox-e5f25929/build/System/Hourglass.o )
[13 of 13] Compiling Data.Hourglass   ( Data/Hourglass.hs, dist/dist-sandbox-e5f25929/build/Data/Hourglass.o )
In-place registering hourglass-0.2.6...
Creating package registration file: /tmp/pkgConf-hourglass-0.22299.6
Installing library in
/home/user/personal_projects/test_textmewhen_haskell/.cabal-sandbox/lib/x86_64-linux-ghc-7.6.3/hourglass-0.2.6
Registering hourglass-0.2.6...
